1555640178222	mozrunner::runner	INFO	Running command: "F:\\火狐浏览器\\firefox.exe" "-marionette" "-foreground" "-no-remote" "-profile" "C:\\Users\\asus\\AppData\\Local\\Temp\\rust_mozprofile.S98TqU0BpD0C"
1555640179763	addons.webextension.screenshots@mozilla.org	WARN	Loading extension 'screenshots@mozilla.org': Reading manifest: Invalid extension permission: mozillaAddons
1555640179764	addons.webextension.screenshots@mozilla.org	WARN	Loading extension 'screenshots@mozilla.org': Reading manifest: Invalid extension permission: resource://pdf.js/
1555640179764	addons.webextension.screenshots@mozilla.org	WARN	Loading extension 'screenshots@mozilla.org': Reading manifest: Invalid extension permission: about:reader*
1555640182506	Marionette	INFO	Listening on port 3289
1555640182669	Marionette	WARN	TLS certificate errors will be ignored for this session
[Parent 3456, Gecko_IOThread] WARNING: pipe error: 109: file z:/build/build/src/ipc/chromium/src/chrome/common/ipc_channel_win.cc, line 332
[Parent 3456, Gecko_IOThread] WARNING: pipe error: 109: file z:/build/build/src/ipc/chromium/src/chrome/common/ipc_channel_win.cc, line 332
[Child 8768, Chrome_ChildThread] WARNING: pipe error: 109: file z:/build/build/src/ipc/chromium/src/chrome/common/ipc_channel_win.cc, line 332
[Child 8768, Chrome_ChildThre1555640192838	Marionette	INFO	Stopped listening on port 3289

###!!! [Child][RunMessage] Error: Channel closing: too late to send/recv, messages will be lost

[G
###!!! [Child][MessageChannel::SendAndWait] Error: Channel error: cannot send/recv

1555640402449	mozrunner::runner	INFO	Running command: "F:\\火狐浏览器\\firefox.exe" "-marionette" "-foreground" "-no-remote" "-profile" "C:\\Users\\asus\\AppData\\Local\\Temp\\rust_mozprofile.bojWz6X7iH5l"
1555640403853	addons.webextension.screenshots@mozilla.org	WARN	Loading extension 'screenshots@mozilla.org': Reading manifest: Invalid extension permission: mozillaAddons
1555640403853	addons.webextension.screenshots@mozilla.org	WARN	Loading extension 'screenshots@mozilla.org': Reading manifest: Invalid extension permission: resource://pdf.js/
1555640403853	addons.webextension.screenshots@mozilla.org	WARN	Loading extension 'screenshots@mozilla.org': Reading manifest: Invalid extension permission: about:reader*
1555640406576	Marionette	INFO	Listening on port 3731
1555640407060	Marionette	WARN	TLS certificate errors will be ignored for this session
[Child 13316, Chrome_ChildThread] WARNING: pipe error: 109: file z:/build/build/src/ipc/chromium/src/chrome/common/ipc_channel_win.cc, line 332

###!!! [Child][MessageChannel] Error: (msgtype=0x52000E,name=PHttpChannel::Msg_DeletingChannel) Channel closing: too late to send/recv, messages will be lost


###!!! [Child][RunMessage] Error: Channel closing: too late to send/recv, messages will be lost

[Child 13316, Chrome_ChildThread] WARNING: pipe error: 109: file z:/build/build/src/ipc/chromium/src/chrome/common/ipc_channel_win.cc, line 332
IPDL protocol error: Handler returned error code!

###!!! [Parent][DispatchAsyncMessage] Error: PLayerTransaction::Msg_ReleaseLayer Processing error: message was deserialized, but the handler returned false (indicating failure)

IPDL protocol error: Handler returned error code!

###!!! [Parent][DispatchAsyncMessage] Error: PLayerTransaction::Msg_ReleaseLayer Processing error: message was deserialized, but the handler returned false (indicating failure)

IPDL protocol error: Handler returned error code!

###!!! [Parent][DispatchAsyncMessage] Error: PLayerTransaction::Msg_ReleaseLayer Processing error: message was deserialized, but the handler returned false (indicating failure)

IPDL protocol error: Handler returned error code!

###!!! [Parent][DispatchAsyncMessage] Error: PLayerTransaction::Msg_ReleaseLayer Processing error: message was deserialized, but the handler returned false (indicating failure)

IPDL protocol error: Handler returned error code!

###!!! [Parent][DispatchAsyncMessage] Error: PLayerTransaction::Msg_ReleaseLayer Processing error: message was deserialized, but the handler returned false (indicating failure)

IPDL protocol error: Handler returned error code!

###!!! [Parent][DispatchAsyncMessage] Error: PLayerTransaction::Msg_ReleaseLayer Processing error: message was deserialized, but the handler returned false (indicating failure)

IPDL protocol error: Handler returned error code!

###!!! [Parent][DispatchAsyncMessage] Error: PLayerTransaction::Msg_ReleaseLayer Processing error: message was deserialized, but the handler returned false (indicating failure)

IPDL protocol error: Handler returned error code!

###!!! [Parent][DispatchAsyncMessage] Error: PLayerTransaction::Msg_ReleaseLayer Processing error: message was deserialized, but the handler returned false (indicating failure)


###!!! [Child][MessageChannel] Error: (msgtype=0x52000E,name=PHttpChannel::Msg_DeletingChannel) Channel closing: too late to send/recv, messages will be lost

[Parent 14952, Gecko_IOThread] WARNING: pipe error: 109: file z:/build/build/src/ipc/chromium/src/chrome/common/ipc_channel_win.cc, line 332
[Child 1288, Chrome_ChildThread] WARNING: pipe error: 109: file z:/build/build/src/ipc/chromium/src/chrome/common/ipc_channel_win.cc, line 332
[Child 12968, Chrome_ChildThread] WARNING: pipe error: 109: file z:/uild/build/src/ipc/chromium/src/chrome/common/ipc_channel_win.cc, line 332
[Child 12968, Chrome_ChildThread] WARNING: pipe error: 109: file z:/build/build/src/JavaScript error: resource://gre/modules/Sqlite.jsm, line 834: Error: Connection is not open.
1555640409665	Marionette	INFO	Stopped listening on port 3731

###!!! [Child][RunMessage] Error: Channel closing: too late to send/recv, messages will be lost

[GPU 17700, C
###!!! [Child][MessageChannel::SendAndWait] Error: Channel error: cannot send/recv

1555641287831	mozrunner::runner	INFO	Running command: "F:\\火狐浏览器\\firefox.exe" "-marionette" "-foreground" "-no-remote" "-profile" "C:\\Users\\asus\\AppData\\Local\\Temp\\rust_mozprofile.hAeE4EiYN4B9"
1555641288916	addons.webextension.screenshots@mozilla.org	WARN	Loading extension 'screenshots@mozilla.org': Reading manifest: Invalid extension permission: mozillaAddons
1555641288917	addons.webextension.screenshots@mozilla.org	WARN	Loading extension 'screenshots@mozilla.org': Reading manifest: Invalid extension permission: resource://pdf.js/
1555641288917	addons.webextension.screenshots@mozilla.org	WARN	Loading extension 'screenshots@mozilla.org': Reading manifest: Invalid extension permission: about:reader*
[Child 6792, Chrome_ChildThread] WARNING: pipe error: 109: file z:/build/build/src/ipc/chromium/src/chrome/common/ipc_channel_win.cc, line 332
[Child 6792, Chrome_ChildThread] WARNING: pipe error: 109: file z:/build/build/src/ipc/chromi1555641291304	Marionette	INFO	Listening on port 5326
1555641292037	Marionette	WARN	TLS certificate errors will be ignored for this session
console.error: BroadcastService: 
  receivedBroadcastMessage: handler for
  remote-settings/monitor_changes
  threw error:
  Message: Error: Polling for changes failed: NetworkError when attempting to fetch resource..
  Stack:
    remoteSettingsFunction/remoteSettings.pollChanges@resource://services-settings/remote-settings.js:190:13

[Parent 15488, Gecko_IOThread] WARNING: pipe error: 109: file z:/build/build/src/ipc/chromium/src/chrome/common/ipc_channel_win.cc, line 332
[Parent 15488, Gecko_IOThread] WARNING: pipe error: 109: file z:/build/build/src/ipc/chromium/src/chrome/common/ipc_channel_win.cc, line 332
[Child 4212, Chrome_ChildThread] WARNING: pipe error: 109: file z:/build/build/src/ipc/chromium/src/chrome/common/ipc_channel_win.cc, line 332
[Child 4212, Chrome_ChildThread] WARNING: pipe error: 109: file z:/build/build/src/ipc/chromium/src/chrome/common/ipc_channel_win.cc, line 332
[Child 2884, Chrome_ChildThread] WARNING: pipe error: 109: file z:/build/build/src/ipc/chromium/src/chrome/common/ipc_channel_win.cc, line 332
[Child 2884,[Parent 15488, Gecko_IOThread] WARNING: pipe error: 109: file z:/build/build/src/ipc/chromium/src/chrome/common/ipc_channel_win.cc, line 332
[Child 2160, Chrome_ChildThread] WARNING: pipe error: 109: file z:/build/build/src/ipc/chromium/src/chrome/common/ipc_channel_win.cc, line 332
[Child 2160, Chrome_ChildThread] WARNING: pipe error: 109: file z:/build/build/src/ipc/chromium/src/chrome/common/ipc_channel_win.cc, line 332
1555641823155	Marionette	INFO	Stopped listening on port 5326

###!!! [Child][RunMessage] Error: Channel closing: too late to send/recv, messages will be lost


###!!! [Child][MessageChannel::Sen[Child 17864, Chrome_ChildThread] WARNING: pipe error: 109: file z:/build/build/src/ipc/chromium/src/chrome/common/ipc_channel_win.cc, line 332
[Child 17864, Chrome_ChildThread] WARNING: pipe error: 109: file z:/build/build/src/ipc/chromium/src/chrome/common/ipc_channel_win.cc, line 332
[Child 3256, Chrome_ChildThread] WARNING: pipe error: 109: file z:/build/build/src/ipc/chromium/src/chrome/common/ipc_channel_win.cc, line 332
[Child 6600, Chrome_ChildThread] WARNING: pipe error: 109: file z:/build/build/src/ipc/chromium/src/chrome/common/ipc_channel_win.cc, line 332
[Child 6600, Chrome_ChildTh1555641824488	Marionette	INFO	Stopped listening on port 5699

###!!! [Child][RunMessage] Error: Channel closing: too late to send/recv, messages will be lost

[GPU 14680, Chrome_ChildThread]
###!!! [Child][MessageChannel::SendAndWait] Error: Channel error: can[Child 9288, Chrome_ChildThread] WARNING: pipe error: 109: file z:/build/build/src/ipc/chromium/src/chrome/common/ipc_channel_win.cc, line 332
[Child 9288, Chrome_ChildThread] WARNING: pipe error: 109: file z:/build/build/src/ipc/chromium/src/chrome/common/ipc_channel_win.cc, l[Parent 18792, Gecko_IOThread] WARNING: pipe error: 109: file z:/build/build/src/ipc/chromium/src/chrome/common/ipc_channel_win.cc, line 332
1555641834784	Marionette	INFO	Stopped listening on port 6099
[GPU 1419
###!!! [Child][MessageChannel::SendAndWait] Error: Channel error: cannot send/recv

tyStreamPrefs.jsm, line 23: NS_ERROR_ILLEGAL_VALUE: Component returned failure code: 0x80070057 (NS_ERROR_ILLEGAL_VALUE) [nsIPrefBranch.removeObserver]
[Parent 17880, Gecko_IOThread] WARNING: pipe error: 109: file z:/build/build/src/ipc/chromium/src/chrome/common/ipc_channel_win.cc, line 332
[Child 19372, Chrome_ChildThread] WARNING: pipe error: 109: file z:/build/build/src/ipc/chromium/src/chrome/common/ipc_channel_win.cc, line 332
[Child 19372, Chrome_ChildThread] WARNING: pipe error: 10[Child 2060, Chrome_ChildThread] WARNING: pipe error: 109: file z:/build/build/src/ipc/chromium/src/chrome/common/ipc_channel_win.cc, line 332
[Child 2060, Chrome_ChildThread] WARNING: pipe error: 10console.error: 
  [Exception... "Component returned failure code: 0x80004005 (NS_ERROR_FAILURE) [nsIAppShellService.hiddenDOMWindow]"  nsresult: "0x80004005 (NS_ERROR_FAILURE)"  location: "JS frame :: resource://activity-stream/lib/DownloadsManager.jsm :: init :: line 44"  data: no]: init@resource://activity-stream/lib/DownloadsManager.jsm:44:5
postInit@resource://activity-stream/lib/HighlightsFeed.jsm:60:5
handler@resource://gre/modules/EventEmitter.jsm:94:11
emit@resource://gre/modules/EventEmitter.jsm:149:11
init@resource://activity-stream/lib/SectionsManager.jsm:119:5

[Child 9996, Chrome_ChildThread] WARNING: pipe error: 109: file z:/build/build/src/ipc/chromium/src/chrome/common/ipc_channel_win.cc, line 332
[Child 9996, Chrome_ChildThread] WARNING: pipe error: 109: file z:/build/build/src/ipc/chromium/src/chrome/common/ipc_chaJavaScript error: resource://gre/modules/Sqlite.jsm, line 834: Error: Connection is not open.
1555641540593	Marionette	INFO	Stopped listening on port 6257

###!!! [Child][RunMessage] Error: Channel closing: too late to send/recv, messages will be lost

[GPU 1288
###!!! [Child][MessageChannel::SendAndWait] Error: Channel error: cannot send/recv

1555641550718	mozrunner::runner	INFO	Running command: "F:\\火狐浏览器\\firefox.exe" "-marionette" "-foreground" "-no-remote" "-profile" "C:\\Users\\asus\\AppData\\Local\\Temp\\rust_mozprofile.lcVCjtdPg7k0"
1555641552098	addons.webextension.screenshots@mozilla.org	WARN	Loading extension 'screenshots@mozilla.org': Reading manifest: Invalid extension permission: mozillaAddons
1555641552098	addons.webextension.screenshots@mozilla.org	WARN	Loading extension 'screenshots@mozilla.org': Reading manifest: Invalid extension permission: resource://pdf.js/
1555641552098	addons.webextension.screenshots@mozilla.org	WARN	Loading extension 'screenshots@mozilla.org': Reading manifest: Invalid extension permission: about:reader*
1555641554661	Marionette	INFO	Listening on port 6324
JavaScript error: resource://activity-stream/lib/ActivityStreamPrefs.jsm, line 23: NS_ERROR_ILLEGAL_VALUE: Component returned failure code: 0x80070057 (NS_ERROR_ILLEGAL_VALUE) [nsIPrefBranch.removeObserver]
[Parent 19148, Gecko_IOThread] WARNING: pipe error: 109: file z:1555641555080	Marionette	WARN	TLS certificate errors will be ignored for this session
/build/build/src/ipc/chromium/src/chrome/common/ipc_channel_win.cc, line 332
[Child 19328, Chrome_ChildThread] WARNING: pipe error: 109: file z:/build/build/src/ipc/chromium/src/chrome/common/ipc_channel_win.cc, line 332
[Child 19328, Chrome_ChildThread] WARNING: pipe error: 109: file z:/build/build/src/ipc/ch[Child 19424, Chrome_ChildThread] WARNING: pipe error: 109: file z:/build/build/src/ipc/chromium/src/chrome/common/ipc_channel_win.cc, line 332
[Child 19424, Chrome_ChildThread] WARNING: pipe error: 109: file z:/build/build/src/ipc/chromium/src/chrome/common/ipc_channel_win.cc, line 332
console.error: (new Error("Connection closed before committing the transaction.", "resource://gre/modules/Sqlite.jsm", 625))
JavaScript error: resource://gre/modules/ExtensionSettingsStore.jsm, line 103: Error: The ExtensionSettingsStore was accessed before the initialize promise resolved.
1555641556171	Marionette	INFO	Stopped listening on port 6324

###!!! [Child][MessageChannel::SendAndWait] Error: Channel error: cannot send/recv

1555641611550	mozrunner::runner	INFO	Running command: "F:\\火狐浏览器\\firefox.exe" "-marionette" "-foreground" "-no-remote" "-profile" "C:\\Users\\asus\\AppData\\Local\\Temp\\rust_mozprofile.rsgR8nOdopxE"
1555641612759	addons.webextension.screenshots@mozilla.org	WARN	Loading extension 'screenshots@mozilla.org': Reading manifest: Invalid extension permission: mozillaAddons
1555641612759	addons.webextension.screenshots@mozilla.org	WARN	Loading extension 'screenshots@mozilla.org': Reading manifest: Invalid extension permission: resource://pdf.js/
1555641612759	addons.webextension.screenshots@mozilla.org	WARN	Loading extension 'screenshots@mozilla.org': Reading manifest: Invalid extension permission: about:reader*
[Parent 19180, Gecko_IOThread] WARNING: pipe error: 109: file z:/build/build/src/ipc/chromium/src/chrome/common/ipc_channel_win.cc, line 332
[Child 14864, Chrome_ChildThread] WARNING: pipe error: 109: file z:/build/build/src/ipc/chromium/src/chrome/common/ipc_channel_win.cc, line 332
[Child 14864,1555641615097	Marionette	INFO	Listening on port 6449
1555641615409	Marionette	WARN	TLS certificate errors will be ignored for this session
1555641630825	Marionette	WARN	TimedPromise timed out after 500 ms: stacktrace:
bail@chrome://marionette/content/sync.js:224:64
console.error: BroadcastService: 
  receivedBroadcastMessage: handler for
  remote-settings/monitor_changes
  threw error:
  Message: Error: Polling for changes failed: NetworkError when attempting to fetch resource..
  Stack:
    remoteSettingsFunction/remoteSettings.pollChanges@resource://services-settings/remote-settings.js:190:13

[Parent 19180, Gecko_IOThread] WARNING: pipe error: 109: file z:/build/build/src/ipc/chromium/src/chrome/common/ipc_channel_win.cc, line 332
[Parent 19180, Gecko_IOThread] WARNING: pipe error: 109: file z:/build/build/src/ipc/chromium/src/chrome/common/ipc_channel_win.cc, line 332
1555641834040	Marionette	INFO	Stopped listening on port 6449

###!!! [Child][RunMessage] Error: Channel closing: too late to send/recv, messages will be lost

[GPU 2136
###!!! [Child][MessageChannel::SendAndWait] Error: Channel error: cannot send/recv

1555645310798	mozrunner::runner	INFO	Running command: "F:\\火狐浏览器\\firefox.exe" "-marionette" "-foreground" "-no-remote" "-profile" "C:\\Users\\asus\\AppData\\Local\\Temp\\rust_mozprofile.lGeOI5goK5hg"
1555645311649	addons.webextension.screenshots@mozilla.org	WARN	Loading extension 'screenshots@mozilla.org': Reading manifest: Invalid extension permission: mozillaAddons
1555645311649	addons.webextension.screenshots@mozilla.org	WARN	Loading extension 'screenshots@mozilla.org': Reading manifest: Invalid extension permission: resource://pdf.js/
1555645311649	addons.webextension.screenshots@mozilla.org	WARN	Loading extension 'screenshots@mozilla.org': Reading manifest: Invalid extension permission: about:reader*
1555645313769	Marionette	INFO	Listening on port 3334
1555645314032	Marionette	WARN	TLS certificate errors will be ignored for this session
[Parent 13532, Gecko_IOThread] WARNING: pipe error: 109: file z:/build/build/src/ipc/chromium/src/chrome/common/ipc_channel_win.cc, line 332
[Parent 13532, Gecko_IOThread] WARNING: pipe error: 109: file z:/build/build/src/ipc/chromium/src/chrome/common/ipc_channel_win.cc, line 332
[Parent 13532, Gecko_IOThread] WARNING: pipe error: 109: file z:/build/build/src/ipc/chromium/src/chrome/common/ipc_channel_win.cc, line 332
[Parent 13532, Gecko_IOThread] WARNING: pipe error: 109: file z:/build/build/src/ipc/chromium/src/chrome/common/ipc_channel_win.cc, line 332
[Child 11124, Chrome_ChildThread] WARNING: pipe error: 109: file z:/build/build/src/ipc/chromium/src/chrome/common/ipc_channel_win.cc, line 332
[Child 11124, Chrome_ChildThread] WARNING: pipe error: 109: file z:/build/build/src/ipc/chromium/src/chrome/common/ipc_channel_win.cc, line 332
1555645494561	Marionette	INFO	Stopped listening on port 3334

###!!! [Child][RunMessage] Error: Channel closing: too late to send/recv, messages will be[Child 10904, Chrome_ChildThread] WARNING: pipe error: 109: file z:/build/build/src/ipc/chromium/src/chrome/common/ipc_channel_win.cc, line 332
[Child 10904, Chrome_ChildThread] WARNING: pipe error: 109: file z:/build/build/src/ipc/chromium/src/chrome/common/ipc_channel_win.cc, line 332
[Child 14100, Chrome_ChildThread] WARNING: pipe error: 109: file z:/build/build/src/ipc/chromium/src/chrome/common/ipc_channel_win.cc, line 332
[Child 14100, Chrome_ChildThread] WARNING: pipe error:1555645647192	Marionette	INFO	Stopped listening on port 3525

###!!! [Child][RunMessage] Error: Channel closing: too late to send/recv, messages will be lost


###!!! [Child][MessageChannel::SendAndWait] Error: Channel error: cannot send/recv

ading extension 'screenshots@mozilla.org': Reading manifest: Invalid extension permission: about:reader*
1555645632608	Marionette	INFO	Listening on port 3766
1555645632724	Marionette	WARN	TLS certificate errors will be ignored for this session
[Parent 14308, Gecko_IOThread] WARNING: pipe error: 109: file z:/build/build/src/ipc/chromium/src/chrome/common/ipc_channel_win.cc, line 332
[Parent 14308, Gecko_IOThread] WARNING: pipe error: 109: file z:/build/build/src/ipc/chromium/src/chrome/common/ipc_channel_win.cc, line 332

###!!! [Child][RunMessage] Error: Channel closing: too late to send/recv, messages will be lost


###!!! [Child][RunMessage] Error: Channel closing: too late to send/recv, messages will be lost


###!!! [Child][RunMessage] Error: Channel closing: too late to send/recv, messages will be lost


###!!! [Child][RunMessage] Error: Channel closing: too late to send/recv, messages will be lost

[Parent 14308, Gecko_IOThread] WARNING: pipe error: 109: file z:/build/build/src/ipc/chromium/src/chrome/common/ipc_channel_win.cc, line 332
[Child 3224, Chrome_Child
###!!! [Parent][MessageChannel] Error: (msgtype=0x1E0098,name=PBrowser::Msg_UpdateNativeWindowHandle) Closed channel: cannot send/recv

Thread] WARNING: pipe error: 109: file z:/build/build/src/ipc/chromium/src/chrome/common/ipc_channel_win.cc, line 332

###!!! [Parent][MessageChannel] Error: (msgtype=0x1E0087,name=PBrowser::Msg_Destroy) Closed channel: cannot send/recv


###!!! [Child][MessageChannel] Error: (msgtype=0x520005,name=PHttpChannel::Msg_Cancel) Closed channel: cannot send/recv


###!!! [Child][MessageChannel] Error: (msgtype=0x520022,name=PHttpChannel::Msg_SetPriority) Closed channel: cannot send/recv


###!!! [Child][MessageChannel] Error: (msgtype=0x350112,name=PContent::Msg_DetachBrowsingContext) Closed channel: cannot send/recv

1555645649039	Marionette	INFO	Stopped listening on port 3766
[GPU 12844
###!!! [Child][MessageChannel::SendAndWait] Error: Channel error: cannot send/recv

ageChannel] Error: (msgtype=0x520022,name=PHttpChannel::Msg_SetPriority) Closed channel: cannot send/recv


###!!! [Child][MessageChannel] Error: (msgtype=0x350112,name=PContent::Msg_DetachBrowsingContext) Closed channel: cannot send/recv

1555645648120	Marionette	INFO	Stopped listening on port 3770

###!!! [Child][RunMessage] Error: Channel closing: too late to send/recv, messages will be lost


###!!! [Child][MessageChannel::SendAndWait] Error: Channel error: cannot send/recv

1555645725837	mozrunner::runner	INFO	Running command: "F:\\火狐浏览器\\firefox.exe" "-marionette" "-foreground" "-no-remote" "-profile" "C:\\Users\\asus\\AppData\\Local\\Temp\\rust_mozprofile.t2pDkXhYERmQ"
1555645728201	addons.webextension.screenshots@mozilla.org	WARN	Loading extension 'screenshots@mozilla.org': Reading manifest: Invalid extension permission: mozillaAddons
1555645728201	addons.webextension.screenshots@mozilla.org	WARN	Loading extension 'screenshots@mozilla.org': Reading manifest: Invalid extension permission: resource://pdf.js/
1555645728201	addons.webextension.screenshots@mozilla.org	WARN	Loading extension 'screenshots@mozilla.org': Reading manifest: Invalid extension permission: about:reader*
1555645730361	Marionette	INFO	Listening on port 4089
1555645730771	Marionette	WARN	TLS certificate errors will be ignored for this session
[Parent 1544, Gecko_IOThread] WARNING: pipe error: 109: file z:/build/build/src/ipc/chromium/src/chrome/common/ipc_channel_win.cc, line 332
[Child 15048, Chrome_ChildThread] WARNING: pipe error: 109: file z:/build/build/src/ipc/chromium/src/chrome/common/ipc_channel_win.cc, line 332
[Child 150481555645734194	Marionette	INFO	Stopped listening on port 4089
[GPU
###!!! [Child][RunMessage] Error: Channel closing: too late to send/recv, messages will be lost

 14856, Chrome_ChildThread] WARNING: pipe er
###!!! [Child][MessageChannel::SendAndWait] Error: Channel error: cannot send/recv

1555645751962	mozrunner::runner	INFO	Running command: "F:\\火狐浏览器\\firefox.exe" "-marionette" "-foreground" "-no-remote" "-profile" "C:\\Users\\asus\\AppData\\Local\\Temp\\rust_mozprofile.PZwpsjxEBhhd"
1555645753670	addons.webextension.screenshots@mozilla.org	WARN	Loading extension 'screenshots@mozilla.org': Reading manifest: Invalid extension permission: mozillaAddons
1555645753670	addons.webextension.screenshots@mozilla.org	WARN	Loading extension 'screenshots@mozilla.org': Reading manifest: Invalid extension permission: resource://pdf.js/
1555645753670	addons.webextension.screenshots@mozilla.org	WARN	Loading extension 'screenshots@mozilla.org': Reading manifest: Invalid extension permission: about:reader*
1555645757961	Marionette	INFO	Listening on port 4213
1555645758082	Marionette	WARN	TLS certificate errors will be ignored for this session
JavaScript error: resource://activity-stream/lib/ActivityStreamPrefs.jsm, line 23: NS_ERROR_ILLEGAL_VALUE: Component returned failure code: 0x80070057 (NS_ERROR_ILLEGAL_VALUE) [nsIPrefBranch.removeObserver]
[Parent 16240, Gecko_IOThread] WARNING: pipe error: 109: file z:/build/build/src/ipc/chromium/src/chrome/common/ipc_channel_win.cc, line 332
[Child 15180, Chrome_ChildThread] WARNING: pipe error: 109: file z:/build/build/src/ipc/chromium/src/chrome/common/ipc_channel_win.cc, line 332
[Child 15180, Chrome_ChildThread] WARNING: pipe error: 109: file z:/bui[Child 1324, Chrome_ChildThread] WARNING: pipe error: 109: file z:/build/build/src/ipc/chromium/src/chrome/common/ipc_channel_win.cc, line 332
[Child 1324, Chrome_ChildThread] console.error: (new Error("Connection closed before committing the transaction.", "resource://gre/modules/Sqlite.jsm", 625))
console.error: 
  [Exception... "Component returned failure code: 0x80004005 (NS_ERROR_FAILURE) [nsIAppShellService.hiddenDOMWindow]"  nsresult: "0x80004005 (NS_ERROR_FAILURE)"  location: "JS frame :: resource://activity-stream/lib/DownloadsManager.jsm :: init :: line 44"  data: no]: init@resource://activity-stream/lib/DownloadsManager.jsm:44:5
postInit@resource://activity-stream/lib/HighlightsFeed.jsm:60:5
handler@resource://gre/modules/EventEmitter.jsm:94:11
emit@resource://gre/modules/EventEmitter.jsm:149:11
init@resource://activity-stream/lib/SectionsManager.jsm:119:5
observe@resource://gre/modules/AsyncShutdown.jsm:533:9

JavaScript error: resource://gre/modules/Sqlite.jsm, line 834: Error: Connection is not open.
JavaScript error: resource://gre/modules/ExtensionSettingsStore.jsm, line 103: Error: The ExtensionSettingsStore was accessed before the initialize promise resolved.
1555645760146	Marionette	INFO	Stopped listening on port 4213

###!!! [Child][RunMessage] Error: Channel closing: too late to send/recv, messages will be lost

[
###!!! [Child][MessageChannel::SendAndWait] Error: Channel error: cannot send/recv

ndAndWait] Error: Channel error: cannot send/recv

build/src/ipc/chromium/src/chrome/common/ipc_channel_win.cc, line 332
[Child 5080, Chrome_ChildThread] WARNING: pipe error: 109: file z:/build/build/src/ipc/chromium/src/chrome/common/ipc_channel_win.cc, line 332

###!!! [Child][RunMessage] Error: Channel closing: too late to send/recv, messages will be lost


###!!! [Child][RunMessage] Error: Channel closing: too late to send/recv, messages will be lost


###!!! [Child][RunMessage] Error: Channel closing: too late to send/recv, messages will be lost


###!!! [Child][RunMessage] Error: Channel closing: too late to send/recv, messages will be lost


###!!! [Child][RunMessage] Error: Channel closing: too late to send/recv, messages will be lost


###!!! [Child][RunMessage] Error: Channel closing: too late to send/recv, messages will be lost


###!!! [Child][RunMessage] Error: Channel closing: too late to send/recv, messages will be lost


###!!! [Child][RunMessage] Error: Channel closing: too late to send/recv, messages will be lost

[Parent 10932, Gecko_IOThread] WARNING: pipe error: 109: file z:/build/build/src/ipc/chromium/src/chrome/common/ipc_channel_win.cc, line 332
[Child 12180, Chrome_ChildThread] WARNING: pipe error: 109: file z:/build/build/src/ipc/chromium/src/chrome/common/ipc_channel_win.cc, line 332
[Child 12180, Chrome_ChildThread] WARNJavaScript error: resource://gre/modules/ExtensionSettingsStore.jsm, line 103: Error: The ExtensionSettingsStore was accessed before the initialize promise resolved.
JavaScript error: resource://gre/modules/IndexedDB.jsm, line 349: UnknownError: The operation failed for reasons unrelated to the database itself and not covered by any other error code.
JavaScript error: resource://gre/modules/Sqlite.jsm, line 834: Error: Connection is not open.
1555645756212	Marionette	INFO	Stopped listening on port 4191
[GPU 6128, Chrome_Chi
###!!! [Child][MessageChannel::SendAndWait] Error: Channel error: cannot send/recv

1555645771008	mozrunner::runner	INFO	Running command: "F:\\火狐浏览器\\firefox.exe" "-marionette" "-foreground" "-no-remote" "-profile" "C:\\Users\\asus\\AppData\\Local\\Temp\\rust_mozprofile.e6i0Z7xWnKt7"
1555645771845	addons.webextension.screenshots@mozilla.org	WARN	Loading extension 'screenshots@mozilla.org': Reading manifest: Invalid extension permission: mozillaAddons
1555645771845	addons.webextension.screenshots@mozilla.org	WARN	Loading extension 'screenshots@mozilla.org': Reading manifest: Invalid extension permission: resource://pdf.js/
1555645771845	addons.webextension.screenshots@mozilla.org	WARN	Loading extension 'screenshots@mozilla.org': Reading manifest: Invalid extension permission: about:reader*
1555645773938	Marionette	INFO	Listening on port 4290
1555645774246	Marionette	WARN	TLS certificate errors will be ignored for this session
JavaScript error: resource://activity-stream/lib/ActivityStreamPrefs.jsm, line 23: NS_ERROR_ILLEGAL_VALUE: Component returned failure code: 0x80070057 (NS_ERROR_ILLEGAL_VALUE) [nsIPrefBranch.removeObserver]
JavaScript error: resource://devtools/client/jsonview/converter-observer.js, line 91: NS_ERROR_NOT_AVAILABLE: Component returned failure code: 0x80040111 (NS_ERROR_NOT_AVAILABLE) [nsIHttpChannel.contentType]
[Parent 12112, Gecko_IOThread] WARNING: pipe error: 109: file z:/build/build/src/ipc/chromium/src/chrome/common/ipc_channel_win.cc, line 332
console.error: 
  [Exception... "Component returned failure code: 0x80004005 (NS_ERROR_FAILURE) [nsIAppShellService.hiddenDOMWindow]"  nsresult: "0x80004005 (NS_ERROR_FAILURE)"  location: "JS frame :: resource://activity-stream/lib/DownloadsManager.jsm :: init :: line 44"  data: no]: init@resource://activity-stream/lib/DownloadsManager.jsm:44:5
postInit@resource://activity-stream/lib/HighlightsFeed.jsm:60:5
handler@resource://gre/modules/EventEmitter.jsm:94:11
emit@resource://gre/modules/EventEmitter.jsm:149:11
init@resource://activity-stream/lib/SectionsManager.jsm:119:5

[Parent 12112, Gecko_IOThread] WARNING: pipe error: 109: file z:/build/build/src/ipc/chromium/src/chrome/common/ipc_channel_win.cc, line 332
[Child 10484, Chrome_ChildThread] WARNING: pipe error: 109: file z:/build/build/src/ipc/chromium/src/chrome/common/ipc_channel_win.cc, line 332
[Child 10484, console.error: (new Error("Connection closed before committing the transaction.", "resource://gre/modules/Sqlite.jsm", 625))
JavaScript error: resource://gre/modules/IndexedDB.jsm, line 349: UnknownError: The operation failed for reasons unrelated to the database itself and not covered by any other error code.
JavaScript error: resource://gre/modules/Sqlite.jsm, line 834: Error: Connection is not open.
JavaScript error: resource://services-common/kinto-offline-client.js, line 568: Error: getLastModified() A request was aborted, for example through a call to IDBTransaction.abort.
1555645775306	Marionette	INFO	Stopped listening on port 4290

###!!! [Child][RunMessage] Error: Channel closing: too late to send/recv, messages will be lost


###!!! [Child][MessageChannel::SendAndWait] Error: Channel error: cannot send/recv

1555645786761	mozrunner::runner	INFO	Running command: "F:\\火狐浏览器\\firefox.exe" "-marionette" "-foreground" "-no-remote" "-profile" "C:\\Users\\asus\\AppData\\Local\\Temp\\rust_mozprofile.d2dpt7DPQcvf"
1555645787599	addons.webextension.screenshots@mozilla.org	WARN	Loading extension 'screenshots@mozilla.org': Reading manifest: Invalid extension permission: mozillaAddons
1555645787599	addons.webextension.screenshots@mozilla.org	WARN	Loading extension 'screenshots@mozilla.org': Reading manifest: Invalid extension permission: resource://pdf.js/
1555645787599	addons.webextension.screenshots@mozilla.org	WARN	Loading extension 'screenshots@mozilla.org': Reading manifest: Invalid extension permission: about:reader*
[Child 8712, Chrome_ChildThread] WARNING: pipe error: 109: file z:/build/build/src/ipc/chromium/src/chrome/common/ipc_channel_win.cc, line 332
[Child 8712, C1555645789885	Marionette	INFO	Listening on port 4323
JavaScript error: resource://activity-stream/lib/ActivityStreamPrefs.jsm, line 23: NS_ERROR_ILLEGAL_VALUE: Component returned failure code: 0x80070057 (NS_ERROR_ILLEGAL_VALUE) [nsIPrefBranch.removeObserver]
1555645790218	Marionette	WARN	TLS certificate errors will be ignored for this session
[Parent 15244, Gecko_IOThread] WARNING: pipe error: 109: file z:/build/build/src/ipc/chromium/src/chrome/common/ipc_channel_win.cc, line 332
[Child 4764, Chrome_ChildThread] WARNING: pipe error: 109: file z:/build/build/src/ipc/chromium/src/chrome/common/ipc_channel_win.cc, line 332
[Child 14580, Chrome_ChildThread] WARNING: pipe error: 109: file z:/build/build/src/ipc/chromium/src/chrome/common/ipc_channel_win.cc, line 332
[Child 14580, Chrome_ChildThread] WARNING: pipe error: 109: file z:/build/build/src/ipc/chromium/src/chrome/common/ipc_channel_win.c[Child 7264, Chrome_ChildThread] WARNING: pipe error: 109: file z:/build/build/src/ipc/chromium/src/chrome/common/ipc_channel_win.cc, line 332
[Child 7264, Chrome_ChildThread] WARNING: pipe error: 109: filJavaScript error: resource://gre/modules/Sqlite.jsm, line 834: Error: Connection is not open.
console.error: 
  [Exception... "Component returned failure code: 0x80004005 (NS_ERROR_FAILURE) [nsIAppShellService.hiddenDOMWindow]"  nsresult: "0x80004005 (NS_ERROR_FAILURE)"  location: "JS frame :: resource://activity-stream/lib/DownloadsManager.jsm :: init :: line 44"  data: no]: init@resource://activity-stream/lib/DownloadsManager.jsm:44:5
postInit@resource://activity-stream/lib/HighlightsFeed.jsm:60:5
handler@resource://gre/modules/EventEmitter.jsm:94:11
emit@resource://gre/modules/EventEmitter.jsm:149:11
init@resource://activity-stream/lib/SectionsManager.jsm:119:5
observe@resource://gre/modules/AsyncShutdown.jsm:533:9

JavaScript error: resource://gre/modules/ExtensionSettingsStore.jsm, line 103: Error: The ExtensionSettingsStore was accessed before the initialize promise resolved.
1555645791018	Marionette	INFO	Stopped listening on port 4323

###!!! [Child][RunMessage] Error: Channel closing: too late to send/recv, messages will be lost

[
###!!! [Child][MessageChannel::SendAndWait] Error: Channel error: cannot send/recv

1555646027541	mozrunner::runner	INFO	Running command: "F:\\火狐浏览器\\firefox.exe" "-marionette" "-foreground" "-no-remote" "-profile" "C:\\Users\\asus\\AppData\\Local\\Temp\\rust_mozprofile.O3lwOVuZLl0J"
1555646028449	addons.webextension.screenshots@mozilla.org	WARN	Loading extension 'screenshots@mozilla.org': Reading manifest: Invalid extension permission: mozillaAddons
1555646028449	addons.webextension.screenshots@mozilla.org	WARN	Loading extension 'screenshots@mozilla.org': Reading manifest: Invalid extension permission: resource://pdf.js/
1555646028449	addons.webextension.screenshots@mozilla.org	WARN	Loading extension 'screenshots@mozilla.org': Reading manifest: Invalid extension permission: about:reader*
1555646031542	Marionette	INFO	Listening on port 4421
1555646031877	Marionette	WARN	TLS certificate errors will be ignored for this session
[Parent 14804, Gecko_IOThread] WARNING: pipe error: 109: file z:/build/build/src/ipc/chromium/src/chrome/common/ipc_channel_win.cc, line 332
[Parent 14804, Gecko_IOThread] WARNING: pipe error: 109: file z:/build/build/src/ipc/chromium/src/chrome/common/ipc_channel_win.cc, line 332
[Parent 14804, Gecko_IOThread] WARNING: pipe error: 109: file z:/build/build/src/ipc/chromium/src/chrome/common/ipc_channel_win.cc, line 332
[Child 15840, Chrome_ChildThread] WARNING: pipe error: 109: file z:/build/build/src/ipc/chromium/src/chrome/common/ipc_channel_win.cc, line 332
[Child 15840, Chrome_ChildThread] WARNING: pipe error: 109: file z:/build/build/src/ipc/chromium/src/chrome/common/ipc_channel_win.cc, line 332
1555646035595	Marionette	INFO	Stopped listening on port 4425

###!!! [Child][RunMessage] Error: Channel closing: too late to send/recv, messages will be lost

[G
###!!! [Child][MessageChannel::SendAndWait] Error: Channel error: cannot send/recv

1555646047987	mozrunner::runner	INFO	Running command: "F:\\火狐浏览器\\firefox.exe" "-marionette" "-foreground" "-no-remote" "-profile" "C:\\Users\\asus\\AppData\\Local\\Temp\\rust_mozprofile.P1KYsXFNN9nl"
1555646048943	addons.webextension.screenshots@mozilla.org	WARN	Loading extension 'screenshots@mozilla.org': Reading manifest: Invalid extension permission: mozillaAddons
1555646048943	addons.webextension.screenshots@mozilla.org	WARN	Loading extension 'screenshots@mozilla.org': Reading manifest: Invalid extension permission: resource://pdf.js/
1555646048944	addons.webextension.screenshots@mozilla.org	WARN	Loading extension 'screenshots@mozilla.org': Reading manifest: Invalid extension permission: about:reader*
1555646051183	Marionette	INFO	Listening on port 4491
1555646051315	Marionette	WARN	TLS certificate errors will be ignored for this session
console.error: BroadcastService: 
  receivedBroadcastMessage: handler for
  remote-settings/monitor_changes
  threw error:
  Message: Error: Polling for changes failed: NetworkError when attempting to fetch resource..
  Stack:
    remoteSettingsFunction/remoteSettings.pollChanges@resource://services-settings/remote-settings.js:190:13

[Parent 4764, Gecko_IOThread] WARNING: pipe error: 109: file z:/build/build/src/ipc/chromium/src/chrome/common/ipc_channel_win.cc, line 332
[Child 12804, Chrome_ChildThread] WARNING: pipe error: 109: file z:/build/build/src/ipc/chromium/src/chrome/common/ipc_channel_win.cc, line 332
[Child 12804, Chrome_ChildThread] 1555646289006	Marionette	INFO	Stopped listening on port 4491

###!!! [Child][MessageChannel::SendAndWait] Error: Channel error: cannot send/recv

shots@mozilla.org': Reading manifest: Invalid extension permission: resource://pdf.js/
1555646172203	addons.webextension.screenshots@mozilla.org	WARN	Loading extension 'screenshots@mozilla.org': Reading manifest: Invalid extension permission: about:reader*
[Child 15656, Chrome_ChildThread] WARNING: pipe error: 109: file z:/build/build/src/ipc/chromium/src/chrome/common/ipc_channel_win.cc, line 332
[Child 15656, Chrome_ChildThread] WARNING: pipe error: 109: file z:/build/build/src/ipc/chromium/src/chrome/common/ipc_channel_win.cc, line 332
1555646175215	Marionette	INFO	Listening on port 4734
1555646175642	Marionette	WARN	TLS certificate errors will be ignored for this session
[Parent 15084, Gecko_IOThread] WARNING: pipe error: 109: file z:/build/build/src/ipc/chromium/src/chrome/common/ipc_channel_win.cc, line 332
[Child 8984, Chrome_ChildThread] WARNING: pipe error: 109: file z:/build/build/src/ipc/chromium/src/chrome/common/ipc_channel_win.cc, line 332
[Child 13228, Chrome_ChildThread] WARNING: pipe error: 109: file z:/build/build/src/ipc/chromium/src/chrome/common/ipc_channel_win.cc, line 332
[Child 13228, Chrome_ChildThread] WARNING: pipe error: 109: file z:/build/build/src/ipc/chromium/sr1555646287512	Marionette	INFO	Stopped listening on port 4734
[GPU 15
###!!! [Child][RunMessage] Error: Channel closing: too late to send/recv, messages will be lost


###!!! [Child][MessageChannel::SendAndWait] Error: Channel error: cannot send/recv

46238967	Marionette	WARN	TLS certificate errors will be ignored for this session
1555646288567	mozrunner::runner	INFO	Running command: "F:\\火狐浏览器\\firefox.exe" "-marionette" "-foreground" "-no-remote" "-profile" "C:\\Users\\asus\\AppData\\Local\\Temp\\rust_mozprofile.XZCPmQgNLU59"
1555646291027	addons.webextension.screenshots@mozilla.org	WARN	Loading extension 'screenshots@mozilla.org': Reading manifest: Invalid extension permission: mozillaAddons
1555646291027	addons.webextension.screenshots@mozilla.org	WARN	Loading extension 'screenshots@mozilla.org': Reading manifest: Invalid extension permission: resource://pdf.js/
1555646291027	addons.webextension.screenshots@mozilla.org	WARN	Loading extension 'screenshots@mozilla.org': Reading manifest: Invalid extension permission: about:reader*
[Parent 13396, Gecko_IOThread] WARNING: pipe error: 109: file z:/build/build/src/ipc/chromium/src/chrome/common/ipc_channel_win.cc, line 332
[Child 3704, Chrome_ChildThread] WARNING: pipe error: 109: file z:/build/build/src/ipc/chromium/src/chrome/common/ipc_channel_win.cc, line 332
[Child 3704, Ch1555646293776	Marionette	INFO	Listening on port 5119
1555646294215	Marionette	WARN	TLS certificate errors will be ignored for this session
[Parent 13396, Gecko_IOThread] WARNING: pipe error: 109: file z:/build/build/src/ipc/chromium/src/chrome/common/ipc_channel_win.cc, line 332
1555646327311	Marionette	WARN	TimedPromise timed out after 500 ms: stacktrace:
bail@chrome://marionette/content/sync.js:224:64
1555646336043	Marionette	WARN	TimedPromise timed out after 500 ms: stacktrace:
bail@chrome://marionette/content/sync.js:224:64
1555646343630	Marionette	WARN	TimedPromise timed out after 500 ms: stacktrace:
bail@chrome://marionette/content/sync.js:224:64
1555646350972	Marionette	WARN	TimedPromise timed out after 500 ms: stacktrace:
bail@chrome://marionette/content/sync.js:224:64
1555646358340	Marionette	WARN	TimedPromise timed out after 500 ms: stacktrace:
bail@chrome://marionette/content/sync.js:224:64
1555646385108	Marionette	INFO	Stopped listening on port 5119
[Parent 13396, Gecko_IOThread] WARNING: pipe error: 109: file z:/build/build/src/ipc/chromium/src/chrome/common/ipc_channel_win.cc, line 332
[Child 14140, Chrome_ChildThread] WARNING: pipe error: 109: file z:/build/build/src/ipc/chromium/src/chrome/common/ipc_channel_win.cc, line 332
[Child 14140, Chrome_ChildThread] W[Parent 13396, Gecko_IOThread] WARNING: pipe error: 109: file z:/build/build/src/ipc/chromium/src/chrome/common/ipc_channel_win.cc, line 332
[Child 14764, Chrome_ChildThread] WARNING: pipe error: 109: file z:/build/build/src/ipc/chromium/src/chrome/common/ipc_channel_win.cc, line 332
[Child 14764, Chrome_ChildT[Parent 13396, Gecko_IOThread] WARNING: pipe error: 109: file z:/build/build/src/ipc/chromium/src/chrome/common/ipc_channel_win.cc, line 332
[Child 10856, Chrome_ChildThread] WARNING: pipe error: 109: file z:/build/build/src/ipc/chromium/src/chrome/common/ipc_channel_win.cc, line 332
[Child 10856, Chrome_ChildThread] WARNING: pipe error: 109: file z:/build/build/src
###!!! [Child][MessageChannel::SendAndWait] Error: Channel error: cannot send/recv

1555646456127	mozrunner::runner	INFO	Running command: "F:\\火狐浏览器\\firefox.exe" "-marionette" "-foreground" "-no-remote" "-profile" "C:\\Users\\asus\\AppData\\Local\\Temp\\rust_mozprofile.NJ6jxaojZ7MO"
1555646457130	addons.webextension.screenshots@mozilla.org	WARN	Loading extension 'screenshots@mozilla.org': Reading manifest: Invalid extension permission: mozillaAddons
1555646457131	addons.webextension.screenshots@mozilla.org	WARN	Loading extension 'screenshots@mozilla.org': Reading manifest: Invalid extension permission: resource://pdf.js/
1555646457131	addons.webextension.screenshots@mozilla.org	WARN	Loading extension 'screenshots@mozilla.org': Reading manifest: Invalid extension permission: about:reader*
1555646459427	Marionette	INFO	Listening on port 5458
1555646459467	Marionette	WARN	TLS certificate errors will be ignored for this session
console.error: BroadcastService: 
  receivedBroadcastMessage: handler for
  remote-settings/monitor_changes
  threw error:
  Message: Error: Polling for changes failed: NetworkError when attempting to fetch resource..
  Stack:
    remoteSettingsFunction/remoteSettings.pollChanges@resource://services-settings/remote-settings.js:190:13

1555646545443	Marionette	INFO	Stopped listening on port 5458
[Child 13676, Chrome_ChildThread] WARNING: pipe error: 109: file z:/build/build/src/ipc/chromium/src/chrome/common/ipc_channel_win.cc, line 332
[Child 13676, Chrome_ChildThread] WARNING: pipe error: 109: file z:/build/build/src/ipc/chro[Child 2040, Chrome_ChildThread] WARNING: pipe error: 109: file z:/build/build/src/ipc/chromium/src/chrome/common/ipc_channel_win.cc, line 332
[Child 2040,
###!!! [Child][RunMessage] Error: Channel closing: too late to send/recv, messages will be lost

[GPU 2000,
###!!! [Child][MessageChannel::SendAndWait] Error: Channel error: cannot send/recv

1555647406002	mozrunner::runner	INFO	Running command: "F:\\火狐浏览器\\firefox.exe" "-marionette" "-foreground" "-no-remote" "-profile" "C:\\Users\\asus\\AppData\\Local\\Temp\\rust_mozprofile.7q2ZubJg7W6s"
1555647407094	addons.webextension.screenshots@mozilla.org	WARN	Loading extension 'screenshots@mozilla.org': Reading manifest: Invalid extension permission: mozillaAddons
1555647407094	addons.webextension.screenshots@mozilla.org	WARN	Loading extension 'screenshots@mozilla.org': Reading manifest: Invalid extension permission: resource://pdf.js/
1555647407094	addons.webextension.screenshots@mozilla.org	WARN	Loading extension 'screenshots@mozilla.org': Reading manifest: Invalid extension permission: about:reader*
1555647409658	Marionette	INFO	Listening on port 6268
1555647409939	Marionette	WARN	TLS certificate errors will be ignored for this session
console.error: BroadcastService: 
  receivedBroadcastMessage: handler for
  remote-settings/monitor_changes
  threw error:
  Message: Error: Polling for changes failed: NetworkError when attempting to fetch resource..
  Stack:
    remoteSettingsFunction/remoteSettings.pollChanges@resource://services-settings/remote-settings.js:190:13

1555647502322	Marionette	INFO	Stopped listening on port 6268
[Parent 13448, Gecko_IOThread] WARNING: pipe error: 109: file z:/build/build/src/ipc/chromium/src/chrome/common/ipc_channel_win.cc, line 332
[Child 8976, Chrome_ChildThread] WARNING: pipe error: 109: file z:/build/build/src/ipc/chromium/src/chrome/common/ipc_channel_win.cc, line 332
[Child 8976, Chrome_ChildThread] WARNING: pipe error: 109: file z:/build/build/src/ipc/chromium/src/chrome/common/ipc_channel_win.cc, line 332
[Parent 13448, Gecko_IOThread] WARNING: pipe error: 109: file z:/build/build/src/ipc/chromium/src/chrome/common/ipc_channel_win.cc, line 332
[G
###!!! [Child][RunMessage] Error: Channel closing: too late to send/recv, messages will be lost

P
###!!! [Child][MessageChannel::SendAndWait] Error: Channel error: cannot send/recv

